<?xml version="1.0" encoding="UTF-8"?>
<robot generator="Robot 7.4.1 (Python 3.13.12 on win32)" generated="2026-02-20T23:15:43.700873" rpa="false" schemaversion="5">
<suite id="s1" name="Hotel Booking" source="C:\PEF\testauto\cu_robot_framework\testcases\master\hotel_booking.robot">
<test id="s1-t1" name="Verify booking form with all input field" line="12">
<kw name="Open browser hotel booking form" owner="hotelbooking" type="SETUP">
<kw name="Open Browser" owner="SeleniumLibrary">
<msg time="2026-02-20T23:15:43.826599" level="INFO">Opening browser 'chrome' to base url 'https://panaryco.wixsite.com/myhotel'.</msg>
<arg>https://panaryco.wixsite.com/myhotel</arg>
<arg>chrome</arg>
<doc>Opens a new browser instance to the optional ``url``.</doc>
<status status="PASS" start="2026-02-20T23:15:43.826417" elapsed="1.209720"/>
</kw>
<kw name="Maximize Browser Window" owner="SeleniumLibrary">
<doc>Maximizes current browser window.</doc>
<status status="PASS" start="2026-02-20T23:15:45.036307" elapsed="0.032290"/>
</kw>
<kw name="Wait Until Element Is Visible" owner="SeleniumLibrary">
<arg>//*[@id='input_comp-lt33fcq41']</arg>
<arg>20s</arg>
<doc>Waits until the element ``locator`` is visible.</doc>
<status status="PASS" start="2026-02-20T23:15:45.068784" elapsed="0.015850"/>
</kw>
<status status="PASS" start="2026-02-20T23:15:43.825893" elapsed="1.258854"/>
</kw>
<kw name="Input and verify firstname" owner="hotelbooking">
<kw name="Input Text" owner="SeleniumLibrary">
<msg time="2026-02-20T23:15:45.091646" level="INFO">Typing text 'John' into text field '//*[@id='input_comp-lt33fcq41']'.</msg>
<arg>//*[@id='input_comp-lt33fcq41']</arg>
<arg>${hotel_booking_firstname}</arg>
<doc>Types the given ``text`` into the text field identified by ``locator``.</doc>
<status status="PASS" start="2026-02-20T23:15:45.091378" elapsed="0.073602"/>
</kw>
<kw name="Get Value" owner="SeleniumLibrary">
<msg time="2026-02-20T23:15:45.182184" level="INFO">${firstname} = John</msg>
<var>${firstname}</var>
<arg>//*[@id='input_comp-lt33fcq41']</arg>
<doc>Returns the value attribute of the element identified by ``locator``.</doc>
<status status="PASS" start="2026-02-20T23:15:45.165130" elapsed="0.017131"/>
</kw>
<kw name="Should Be Equal" owner="BuiltIn">
<arg>${firstname}</arg>
<arg>${hotel_booking_firstname}</arg>
<doc>Fails if the given objects are unequal.</doc>
<status status="PASS" start="2026-02-20T23:15:45.182454" elapsed="0.000486"/>
</kw>
<status status="PASS" start="2026-02-20T23:15:45.091013" elapsed="0.092031"/>
</kw>
<kw name="Input and verify lastname" owner="hotelbooking">
<kw name="Input Text" owner="SeleniumLibrary">
<msg time="2026-02-20T23:15:45.185810" level="INFO">Typing text 'Doe' into text field '//*[@id='input_comp-lt33fcs1']'.</msg>
<arg>//*[@id='input_comp-lt33fcs1']</arg>
<arg>${hotel_booking_lastname}</arg>
<doc>Types the given ``text`` into the text field identified by ``locator``.</doc>
<status status="PASS" start="2026-02-20T23:15:45.185674" elapsed="0.053984"/>
</kw>
<kw name="Get Value" owner="SeleniumLibrary">
<msg time="2026-02-20T23:15:45.250056" level="INFO">${lastname} = Doe</msg>
<var>${lastname}</var>
<arg>//*[@id='input_comp-lt33fcs1']</arg>
<doc>Returns the value attribute of the element identified by ``locator``.</doc>
<status status="PASS" start="2026-02-20T23:15:45.239953" elapsed="0.010152"/>
</kw>
<kw name="Should Be Equal" owner="BuiltIn">
<arg>${lastname}</arg>
<arg>${hotel_booking_lastname}</arg>
<doc>Fails if the given objects are unequal.</doc>
<status status="PASS" start="2026-02-20T23:15:45.250278" elapsed="0.000328"/>
</kw>
<status status="PASS" start="2026-02-20T23:15:45.185494" elapsed="0.065178"/>
</kw>
<kw name="Input and verify phone" owner="hotelbooking">
<kw name="Input Text" owner="SeleniumLibrary">
<msg time="2026-02-20T23:15:45.251906" level="INFO">Typing text '0899999999' into text field '//*[@id='input_comp-lt33fcsi1']'.</msg>
<arg>//*[@id='input_comp-lt33fcsi1']</arg>
<arg>${hotel_booking_mobile_phone}</arg>
<doc>Types the given ``text`` into the text field identified by ``locator``.</doc>
<status status="PASS" start="2026-02-20T23:15:45.251752" elapsed="0.204801"/>
</kw>
<kw name="Get Value" owner="SeleniumLibrary">
<msg time="2026-02-20T23:15:45.467419" level="INFO">${phone} = 0899999999</msg>
<var>${phone}</var>
<arg>//*[@id='input_comp-lt33fcsi1']</arg>
<doc>Returns the value attribute of the element identified by ``locator``.</doc>
<status status="PASS" start="2026-02-20T23:15:45.456777" elapsed="0.010690"/>
</kw>
<kw name="Should Be Equal" owner="BuiltIn">
<arg>${phone}</arg>
<arg>${hotel_booking_mobile_phone}</arg>
<doc>Fails if the given objects are unequal.</doc>
<status status="PASS" start="2026-02-20T23:15:45.467628" elapsed="0.000336"/>
</kw>
<status status="PASS" start="2026-02-20T23:15:45.251579" elapsed="0.216458"/>
</kw>
<kw name="Input and verify email" owner="hotelbooking">
<kw name="Input Text" owner="SeleniumLibrary">
<msg time="2026-02-20T23:15:45.471278" level="INFO">Typing text 'test@test.com' into text field '//*[@id='input_comp-lt33fcsf1']'.</msg>
<arg>//*[@id='input_comp-lt33fcsf1']</arg>
<arg>${hotel_booking_email}</arg>
<doc>Types the given ``text`` into the text field identified by ``locator``.</doc>
<status status="PASS" start="2026-02-20T23:15:45.471068" elapsed="0.072971"/>
</kw>
<kw name="Get Value" owner="SeleniumLibrary">
<msg time="2026-02-20T23:15:45.556940" level="INFO">${email} = test@test.com</msg>
<var>${email}</var>
<arg>//*[@id='input_comp-lt33fcsf1']</arg>
<doc>Returns the value attribute of the element identified by ``locator``.</doc>
<status status="PASS" start="2026-02-20T23:15:45.544342" elapsed="0.012653"/>
</kw>
<kw name="Should Be Equal" owner="BuiltIn">
<arg>${email}</arg>
<arg>${hotel_booking_email}</arg>
<doc>Fails if the given objects are unequal.</doc>
<status status="PASS" start="2026-02-20T23:15:45.557172" elapsed="0.000385"/>
</kw>
<status status="PASS" start="2026-02-20T23:15:45.470777" elapsed="0.086868"/>
</kw>
<kw name="Select and verify Number of adults" owner="hotelbooking">
<kw name="Wait Until Element Is Visible" owner="SeleniumLibrary">
<arg>xpath=//*[@id='collection_comp-lt33fcsl1']</arg>
<arg>10s</arg>
<doc>Waits until the element ``locator`` is visible.</doc>
<status status="PASS" start="2026-02-20T23:15:45.559847" elapsed="0.016895"/>
</kw>
<kw name="Click Element" owner="SeleniumLibrary">
<msg time="2026-02-20T23:15:45.577156" level="INFO">Clicking element 'xpath=//*[@id='collection_comp-lt33fcsl1']'.</msg>
<arg>xpath=//*[@id='collection_comp-lt33fcsl1']</arg>
<doc>Click the element identified by ``locator``.</doc>
<status status="PASS" start="2026-02-20T23:15:45.576936" elapsed="0.103805"/>
</kw>
<kw name="Sleep" owner="BuiltIn">
<msg time="2026-02-20T23:15:46.681818" level="INFO">Slept 1 second.</msg>
<arg>1s</arg>
<doc>Pauses the test executed for the given time.</doc>
<status status="PASS" start="2026-02-20T23:15:45.680960" elapsed="1.001246"/>
</kw>
<kw name="Press Keys" owner="SeleniumLibrary">
<msg time="2026-02-20T23:15:46.684463" level="INFO">Sending key(s) ('2',) to xpath=//*[@id='collection_comp-lt33fcsl1'] element.</msg>
<msg time="2026-02-20T23:15:46.984275" level="INFO">Sending key 2</msg>
<arg>xpath=//*[@id='collection_comp-lt33fcsl1']</arg>
<arg>${number_of_adults}</arg>
<doc>Simulates the user pressing key(s) to an element or on the active browser.</doc>
<status status="PASS" start="2026-02-20T23:15:46.682815" elapsed="0.316791"/>
</kw>
<kw name="Press Keys" owner="SeleniumLibrary">
<msg time="2026-02-20T23:15:47.000689" level="INFO">Sending key(s) ('ENTER',) to page.</msg>
<msg time="2026-02-20T23:15:47.000840" level="INFO">Pressing special key ENTER to browser.</msg>
<msg time="2026-02-20T23:15:47.000932" level="INFO">Releasing special key ENTER.</msg>
<arg>None</arg>
<arg>ENTER</arg>
<doc>Simulates the user pressing key(s) to an element or on the active browser.</doc>
<status status="PASS" start="2026-02-20T23:15:46.999970" elapsed="0.036887"/>
</kw>
<kw name="Element Should Contain" owner="SeleniumLibrary">
<msg time="2026-02-20T23:15:47.083135" level="INFO">Element 'xpath=//*[@id='collection_comp-lt33fcsl1']' contains text '2'.</msg>
<arg>xpath=//*[@id='collection_comp-lt33fcsl1']</arg>
<arg>${number_of_adults}</arg>
<doc>Verifies that element ``locator`` contains text ``expected``.</doc>
<status status="PASS" start="2026-02-20T23:15:47.037266" elapsed="0.046221"/>
</kw>
<status status="PASS" start="2026-02-20T23:15:45.559493" elapsed="1.524654"/>
</kw>
<kw name="Select pet option" owner="hotelbooking">
<kw name="Click Element" owner="SeleniumLibrary">
<msg time="2026-02-20T23:15:47.087527" level="INFO">Clicking element '//div[@data-testid="radioGroup"]//*[text()="Yes"]'.</msg>
<arg>//div[@data-testid="radioGroup"]//*[text()="Yes"]</arg>
<doc>Click the element identified by ``locator``.</doc>
<status status="PASS" start="2026-02-20T23:15:47.086768" elapsed="0.113223"/>
</kw>
<status status="PASS" start="2026-02-20T23:15:47.085716" elapsed="0.114420"/>
</kw>
<kw name="Input and verify note" owner="hotelbooking">
<kw name="Input Text" owner="SeleniumLibrary">
<msg time="2026-02-20T23:15:47.200735" level="INFO">Typing text 'add note' into text field '//*[@id='input_comp-lt33fct3']'.</msg>
<arg>//*[@id='input_comp-lt33fct3']</arg>
<arg>${hotel_booking_note}</arg>
<doc>Types the given ``text`` into the text field identified by ``locator``.</doc>
<status status="PASS" start="2026-02-20T23:15:47.200578" elapsed="0.129511"/>
</kw>
<kw name="Get Value" owner="SeleniumLibrary">
<msg time="2026-02-20T23:15:47.338409" level="INFO">${note} = add note</msg>
<var>${note}</var>
<arg>//*[@id='input_comp-lt33fct3']</arg>
<doc>Returns the value attribute of the element identified by ``locator``.</doc>
<status status="PASS" start="2026-02-20T23:15:47.330233" elapsed="0.008210"/>
</kw>
<kw name="Should Be Equal" owner="BuiltIn">
<arg>${note}</arg>
<arg>${hotel_booking_note}</arg>
<doc>Fails if the given objects are unequal.</doc>
<status status="PASS" start="2026-02-20T23:15:47.338555" elapsed="0.000292"/>
</kw>
<status status="PASS" start="2026-02-20T23:15:47.200383" elapsed="0.138525"/>
</kw>
<kw name="Click Accept Term" owner="hotelbooking">
<kw name="Scroll Element Into View" owner="SeleniumLibrary">
<arg>//input[@type="checkbox"]</arg>
<doc>Scrolls the element identified by ``locator`` into view.</doc>
<status status="PASS" start="2026-02-20T23:15:47.339322" elapsed="0.281887"/>
</kw>
<kw name="Sleep" owner="BuiltIn">
<msg time="2026-02-20T23:15:48.622070" level="INFO">Slept 1 second.</msg>
<arg>1s</arg>
<doc>Pauses the test executed for the given time.</doc>
<status status="PASS" start="2026-02-20T23:15:47.621412" elapsed="1.000840"/>
</kw>
<kw name="Click Element" owner="SeleniumLibrary">
<msg time="2026-02-20T23:15:48.622703" level="INFO">Clicking element '//input[@type="checkbox"]'.</msg>
<arg>//input[@type="checkbox"]</arg>
<doc>Click the element identified by ``locator``.</doc>
<status status="PASS" start="2026-02-20T23:15:48.622451" elapsed="0.073933"/>
</kw>
<status status="PASS" start="2026-02-20T23:15:47.339138" elapsed="1.357326"/>
</kw>
<kw name="Click submit application" owner="hotelbooking">
<kw name="Click Element" owner="SeleniumLibrary">
<msg time="2026-02-20T23:15:48.697074" level="INFO">Clicking element '//*[@class="l7_2fn wixui-button__label"]'.</msg>
<arg>//*[@class="l7_2fn wixui-button__label"]</arg>
<doc>Click the element identified by ``locator``.</doc>
<status status="PASS" start="2026-02-20T23:15:48.696962" elapsed="0.050295"/>
</kw>
<status status="PASS" start="2026-02-20T23:15:48.696782" elapsed="0.050556"/>
</kw>
<kw name="Verify success message" owner="hotelbooking">
<kw name="Wait Until Page Contains" owner="SeleniumLibrary">
<arg>Thanks for submitting!</arg>
<doc>Waits until ``text`` appears on the current page.</doc>
<status status="PASS" start="2026-02-20T23:15:48.747763" elapsed="0.012011"/>
</kw>
<status status="PASS" start="2026-02-20T23:15:48.747577" elapsed="0.012286"/>
</kw>
<kw name="Close Browser" owner="SeleniumLibrary" type="TEARDOWN">
<doc>Closes the current browser.</doc>
<status status="PASS" start="2026-02-20T23:15:48.760264" elapsed="2.260618"/>
</kw>
<status status="PASS" start="2026-02-20T23:15:43.825264" elapsed="7.195920"/>
</test>
<test id="s1-t2" name="Verify single fault firstname" line="25">
<kw name="Open browser hotel booking form" owner="hotelbooking" type="SETUP">
<kw name="Open Browser" owner="SeleniumLibrary">
<arg>https://panaryco.wixsite.com/myhotel</arg>
<arg>chrome</arg>
<doc>Opens a new browser instance to the optional ``url``.</doc>
<status status="FAIL" start="2026-02-20T23:15:51.023778" elapsed="0.000251">Execution terminated by signal</status>
</kw>
<kw name="Maximize Browser Window" owner="SeleniumLibrary">
<doc>Maximizes current browser window.</doc>
<status status="NOT RUN" start="2026-02-20T23:15:51.024227" elapsed="0.000043"/>
</kw>
<kw name="Wait Until Element Is Visible" owner="SeleniumLibrary">
<arg>//*[@id='input_comp-lt33fcq41']</arg>
<arg>20s</arg>
<doc>Waits until the element ``locator`` is visible.</doc>
<status status="NOT RUN" start="2026-02-20T23:15:51.024421" elapsed="0.000041"/>
</kw>
<status status="FAIL" start="2026-02-20T23:15:51.023311" elapsed="0.001545">Execution terminated by signal</status>
</kw>
<kw name="Close Browser" owner="SeleniumLibrary" type="TEARDOWN">
<doc>Closes the current browser.</doc>
<status status="PASS" start="2026-02-20T23:15:51.025407" elapsed="0.000112"/>
</kw>
<status status="FAIL" start="2026-02-20T23:15:51.022366" elapsed="0.003412">Setup failed:
Execution terminated by signal</status>
</test>
<test id="s1-t3" name="Verify single fault lastname" line="37">
<tag>robot:exit</tag>
<status status="FAIL" start="2026-02-20T23:15:51.026488" elapsed="0.000379">Test execution stopped due to a fatal error.</status>
</test>
<test id="s1-t4" name="Verify single fault phone" line="49">
<tag>robot:exit</tag>
<status status="FAIL" start="2026-02-20T23:15:51.027344" elapsed="0.000262">Test execution stopped due to a fatal error.</status>
</test>
<test id="s1-t5" name="Verify single fault email" line="61">
<tag>robot:exit</tag>
<status status="FAIL" start="2026-02-20T23:15:51.028533" elapsed="0.000315">Test execution stopped due to a fatal error.</status>
</test>
<test id="s1-t6" name="Verify single fault numberOfAdult" line="73">
<tag>robot:exit</tag>
<status status="FAIL" start="2026-02-20T23:15:51.029131" elapsed="0.000214">Test execution stopped due to a fatal error.</status>
</test>
<status status="FAIL" start="2026-02-20T23:15:43.701825" elapsed="7.328249"/>
</suite>
<statistics>
<total>
<stat pass="1" fail="5" skip="0">All Tests</stat>
</total>
<tag>
<stat info="combined" combined="NOT robot:exit" pass="1" fail="1" skip="0">NOT robot:exit</stat>
</tag>
<suite>
<stat name="Hotel Booking" id="s1" pass="1" fail="5" skip="0">Hotel Booking</stat>
</suite>
</statistics>
<errors>
</errors>
</robot>
